Determining if the pthread_create exist failed with the following output:
Change Dir: /home/pi/pixy/build/libpixyusb/CMakeFiles/CMakeTmp

Run Build Command:"/usr/bin/make" "cmTC_60581/fast"
/usr/bin/make -f CMakeFiles/cmTC_60581.dir/build.make CMakeFiles/cmTC_60581.dir/build
make[1]: Entering directory '/home/pi/pixy/build/libpixyusb/CMakeFiles/CMakeTmp'
Building CXX object CMakeFiles/cmTC_60581.dir/CheckSymbolExists.cxx.o
/usr/bin/c++      -o CMakeFiles/cmTC_60581.dir/CheckSymbolExists.cxx.o -c /home/pi/pixy/build/libpixyusb/CMakeFiles/CMakeTmp/CheckSymbolExists.cxx
Linking CXX executable cmTC_60581
/usr/bin/cmake -E cmake_link_script CMakeFiles/cmTC_60581.dir/link.txt --verbose=1
/usr/bin/c++        CMakeFiles/cmTC_60581.dir/CheckSymbolExists.cxx.o  -o cmTC_60581 -rdynamic 
CMakeFiles/cmTC_60581.dir/CheckSymbolExists.cxx.o: In function `main':
CheckSymbolExists.cxx:(.text+0x38): undefined reference to `pthread_create'
collect2: error: ld returned 1 exit status
CMakeFiles/cmTC_60581.dir/build.make:97: recipe for target 'cmTC_60581' failed
make[1]: *** [cmTC_60581] Error 1
make[1]: Leaving directory '/home/pi/pixy/build/libpixyusb/CMakeFiles/CMakeTmp'
Makefile:126: recipe for target 'cmTC_60581/fast' failed
make: *** [cmTC_60581/fast] Error 2

File /home/pi/pixy/build/libpixyusb/CMakeFiles/CMakeTmp/CheckSymbolExists.cxx:
/* */
#include <pthread.h>

int main(int argc, char** argv)
{
  (void)argv;
#ifndef pthread_create
  return ((int*)(&pthread_create))[argc];
#else
  (void)argc;
  return 0;
#endif
}

Determining if the function pthread_create exists in the pthreads failed with the following output:
Change Dir: /home/pi/pixy/build/libpixyusb/CMakeFiles/CMakeTmp

Run Build Command:"/usr/bin/make" "cmTC_95e22/fast"
/usr/bin/make -f CMakeFiles/cmTC_95e22.dir/build.make CMakeFiles/cmTC_95e22.dir/build
make[1]: Entering directory '/home/pi/pixy/build/libpixyusb/CMakeFiles/CMakeTmp'
Building CXX object CMakeFiles/cmTC_95e22.dir/CheckFunctionExists.cxx.o
/usr/bin/c++     -DCHECK_FUNCTION_EXISTS=pthread_create   -o CMakeFiles/cmTC_95e22.dir/CheckFunctionExists.cxx.o -c /home/pi/pixy/build/libpixyusb/CMakeFiles/CheckLibraryExists/CheckFunctionExists.cxx
Linking CXX executable cmTC_95e22
/usr/bin/cmake -E cmake_link_script CMakeFiles/cmTC_95e22.dir/link.txt --verbose=1
/usr/bin/c++    -DCHECK_FUNCTION_EXISTS=pthread_create    CMakeFiles/cmTC_95e22.dir/CheckFunctionExists.cxx.o  -o cmTC_95e22 -rdynamic -lpthreads 
/usr/bin/ld: cannot find -lpthreads
collect2: error: ld returned 1 exit status
CMakeFiles/cmTC_95e22.dir/build.make:97: recipe for target 'cmTC_95e22' failed
make[1]: *** [cmTC_95e22] Error 1
make[1]: Leaving directory '/home/pi/pixy/build/libpixyusb/CMakeFiles/CMakeTmp'
Makefile:126: recipe for target 'cmTC_95e22/fast' failed
make: *** [cmTC_95e22/fast] Error 2


